08/17/2020 12:54:44 PM: INFO: ******* Test_003_AddCustomer*******
08/17/2020 12:55:00 PM: INFO: ***************Login succesful***********
08/17/2020 12:55:00 PM: INFO: **************+Starting Add Customer Test**************
08/17/2020 12:55:10 PM: INFO: ********Home Verifying Login Test *******
08/17/2020 12:55:22 PM: INFO: ******** Login test is passed *******
08/17/2020 12:55:30 PM: INFO: ******* Test_003_AddCustomer*******
08/17/2020 12:55:42 PM: INFO: ***************Login succesful***********
08/17/2020 12:55:42 PM: INFO: **************+Starting Add Customer Test**************
08/17/2020 12:55:52 PM: INFO: ****************Providin customer infor******************
08/17/2020 12:56:04 PM: INFO: **********Saving customer info **********++
08/17/2020 12:56:04 PM: INFO: **********Add customer validation started ********
08/17/2020 12:56:05 PM: INFO: ******************* Add customer Test Passed *********+
08/17/2020 12:56:05 PM: INFO: *****************Ending Home Page Title Test ***********************
08/17/2020 12:56:09 PM: INFO: ********** Test_001_Login  *******
08/17/2020 12:56:09 PM: INFO: ********** Verifing Home Page Title  *******
08/17/2020 12:56:12 PM: INFO: ********** Home page title test is passed *******
08/17/2020 12:56:15 PM: INFO: ********Home Verifying Login Test *******
08/17/2020 12:56:25 PM: INFO: ******** Login test is passed *******
08/17/2020 12:56:29 PM: INFO: ********Test_002_DDT_Login***************
08/17/2020 12:56:29 PM: INFO: ********Home Verifying Login Test *******
08/17/2020 12:56:46 PM: INFO: ***Passed***
08/17/2020 12:56:54 PM: INFO: ***passed***
08/17/2020 12:56:59 PM: INFO: ***passed***
08/17/2020 12:57:05 PM: INFO: ***passed***
08/17/2020 12:57:05 PM: INFO: Login DDT  test failed...
08/17/2020 12:57:10 PM: INFO: ********* SearchCustomerByEmail_004*****
08/17/2020 12:57:20 PM: INFO: ******************** Login succesful**************
08/17/2020 12:57:20 PM: INFO: ********************  Starting Search Customer By Email *************+
08/17/2020 12:57:22 PM: INFO: ********************** searching customer by emailID****************
08/17/2020 12:57:32 PM: INFO: ********* SearchCustomerByName_005*****
08/17/2020 12:57:43 PM: INFO: ******************** Login succesful**************
08/17/2020 12:57:43 PM: INFO: ********************  Starting Search Customer By Name *************+
08/17/2020 12:57:46 PM: INFO: ********************** searching customer by nameID****************
08/17/2020 12:58:00 PM: INFO: ********Home Verifying Login Test *******
08/17/2020 12:58:08 PM: INFO: ******** Login test is passed *******
08/17/2020 12:58:20 PM: INFO: ********** Test_001_Login  *******
08/17/2020 12:58:20 PM: INFO: ********** Verifing Home Page Title  *******
08/17/2020 12:58:25 PM: INFO: ********** Home page title test is passed *******
08/17/2020 12:58:28 PM: INFO: ********Home Verifying Login Test *******
08/17/2020 12:58:37 PM: INFO: ******** Login test is passed *******
08/17/2020 12:58:41 PM: INFO: ********Test_002_DDT_Login***************
08/17/2020 12:58:41 PM: INFO: ********Home Verifying Login Test *******
08/17/2020 12:58:56 PM: INFO: ***Passed***
08/17/2020 12:59:03 PM: INFO: ***passed***
08/17/2020 12:59:09 PM: INFO: ***passed***
08/17/2020 12:59:15 PM: INFO: ***passed***
08/17/2020 12:59:15 PM: INFO: Login DDT  test failed...
08/17/2020 12:59:20 PM: INFO: ********* SearchCustomerByEmail_004*****
08/17/2020 12:59:31 PM: INFO: ******************** Login succesful**************
08/17/2020 12:59:31 PM: INFO: ********************  Starting Search Customer By Email *************+
08/17/2020 12:59:34 PM: INFO: ********************** searching customer by emailID****************
08/17/2020 12:59:44 PM: INFO: ********* SearchCustomerByName_005*****
08/17/2020 01:00:25 PM: INFO: ******* Test_003_AddCustomer*******
08/17/2020 01:00:38 PM: INFO: ***************Login succesful***********
08/17/2020 01:00:38 PM: INFO: **************+Starting Add Customer Test**************
08/17/2020 01:00:41 PM: INFO: ****************Providin customer infor******************
08/17/2020 01:00:54 PM: INFO: **********Saving customer info **********++
08/17/2020 01:00:54 PM: INFO: **********Add customer validation started ********
08/17/2020 01:00:54 PM: INFO: ******************* Add customer Test Passed *********+
08/17/2020 01:00:54 PM: INFO: *****************Ending Home Page Title Test ***********************
08/17/2020 01:00:58 PM: INFO: ********Home Verifying Login Test *******
08/17/2020 01:01:07 PM: INFO: ******** Login test is passed *******
08/17/2020 01:03:59 PM: INFO: ******* Test_003_AddCustomer*******
08/17/2020 01:04:13 PM: INFO: ***************Login succesful***********
08/17/2020 01:04:13 PM: INFO: **************+Starting Add Customer Test**************
08/17/2020 01:04:17 PM: INFO: ****************Providin customer infor******************
08/17/2020 01:04:31 PM: INFO: **********Saving customer info **********++
08/17/2020 01:04:31 PM: INFO: **********Add customer validation started ********
08/17/2020 01:04:31 PM: INFO: ******************* Add customer Test Passed *********+
08/17/2020 01:04:31 PM: INFO: *****************Ending Home Page Title Test ***********************
08/17/2020 01:04:35 PM: INFO: ********Home Verifying Login Test *******
08/17/2020 01:04:44 PM: INFO: ******** Login test is passed *******
08/17/2020 01:05:15 PM: INFO: ******* Test_003_AddCustomer*******
08/17/2020 01:05:26 PM: INFO: ***************Login succesful***********
08/17/2020 01:05:26 PM: INFO: **************+Starting Add Customer Test**************
08/17/2020 01:05:29 PM: INFO: ****************Providin customer infor******************
08/17/2020 01:05:41 PM: INFO: ********Home Verifying Login Test *******
08/17/2020 01:05:53 PM: INFO: ******** Login test is passed *******
